  BreakoutGame.cpp
E:\Files\01__Code_Lounge\cpp_breakout_20t1\BreakoutGame\BreakoutGame\GridManager.h(23,26): warning C4244: 'argument': conversion from 'int' to 'float', possible loss of data
E:\Files\01__Code_Lounge\cpp_breakout_20t1\BreakoutGame\BreakoutGame\GridManager.h(23,20): warning C4244: 'argument': conversion from 'int' to 'float', possible loss of data
E:\Files\01__Code_Lounge\cpp_breakout_20t1\BreakoutGame\BreakoutGame\GridManager.h(49,36): warning C4244: 'argument': conversion from 'int' to 'T', possible loss of data
          with
          [
              T=float
          ]
E:\Files\01__Code_Lounge\cpp_breakout_20t1\BreakoutGame\BreakoutGame\GridManager.h(58,28): warning C4244: 'return': conversion from 'const T' to 'int', possible loss of data
          with
          [
              T=float
          ]
E:\Files\01__Code_Lounge\cpp_breakout_20t1\BreakoutGame\BreakoutGame\GridManager.h(63,28): warning C4244: 'return': conversion from 'const T' to 'int', possible loss of data
          with
          [
              T=float
          ]
E:\Files\01__Code_Lounge\cpp_breakout_20t1\BreakoutGame\BreakoutGame\Player.h(31,29): warning C4244: 'return': conversion from 'T' to 'int', possible loss of data
          with
          [
              T=float
          ]
E:\Files\01__Code_Lounge\cpp_breakout_20t1\BreakoutGame\BreakoutGame\Player.h(36,30): warning C4244: 'return': conversion from 'const T' to 'int', possible loss of data
          with
          [
              T=float
          ]
E:\Files\01__Code_Lounge\cpp_breakout_20t1\BreakoutGame\BreakoutGame\Player.h(41,30): warning C4244: 'return': conversion from 'const T' to 'int', possible loss of data
          with
          [
              T=float
          ]
  BreakoutGame.vcxproj -> E:\Files\01__Code_Lounge\cpp_breakout_20t1\BreakoutGame\Debug\BreakoutGame.exe
